生成启动时间为 2020/9/12 12:27:20。
     1>项目“D:\VS2013workspace\LearnOpenglAllProject\LearnOpengl_Project_3D\win32.proj\LearnOpengl_Project_3D.vcxproj”在节点 2 上(Build 个目标)。
     1>ClCompile:
         C:\Program Files (x86)\Microsoft Visual Studio 12.0\VC\bin\CL.exe /c /ZI /nologo /W3 /WX- /sdl /Od /Oy- /D _MBCS /Gm /EHsc /RTC1 /MDd /GS /fp:precise /Zc:wchar_t /Zc:forScope /Fo"Debug\\" /Fd"Debug\vc120.pdb" /Gd /TP /analyze- /errorReport:prompt ..\src\main.cpp
         main.cpp
     1>d:\vs2013workspace\learnopenglallproject\learnopengl_project_3d\src\mycamera.h(103): warning C4244: “-=”: 从“double”转换到“float”，可能丢失数据
     1>d:\vs2013workspace\learnopenglallproject\learnopengl_project_3d\src\main.cpp(99): warning C4244: “初始化”: 从“double”转换到“float”，可能丢失数据
     1>d:\vs2013workspace\learnopenglallproject\learnopengl_project_3d\src\main.cpp(129): warning C4305: “参数”: 从“double”到“float”截断
     1>d:\vs2013workspace\learnopenglallproject\learnopengl_project_3d\src\main.cpp(191): warning C4244: “=”: 从“double”转换到“float”，可能丢失数据
     1>d:\vs2013workspace\learnopenglallproject\learnopengl_project_3d\src\main.cpp(192): warning C4244: “=”: 从“double”转换到“float”，可能丢失数据
     1>d:\vs2013workspace\learnopenglallproject\learnopengl_project_3d\src\main.cpp(196): warning C4244: “初始化”: 从“double”转换到“float”，可能丢失数据
     1>d:\vs2013workspace\learnopenglallproject\learnopengl_project_3d\src\main.cpp(197): warning C4244: “初始化”: 从“double”转换到“float”，可能丢失数据
     1>d:\vs2013workspace\learnopenglallproject\learnopengl_project_3d\src\main.cpp(199): warning C4244: “=”: 从“double”转换到“float”，可能丢失数据
     1>d:\vs2013workspace\learnopenglallproject\learnopengl_project_3d\src\main.cpp(200): warning C4244: “=”: 从“double”转换到“float”，可能丢失数据
       Link:
         C:\Program Files (x86)\Microsoft Visual Studio 12.0\VC\bin\link.exe /ERRORREPORT:PROMPT /OUT:"D:\VS2013workspace\LearnOpenglAllProject\LearnOpengl_Project_3D\win32.proj\Debug\LearnOpengl_Project_3D.exe" /INCREMENTAL /NOLOGO opengl32.lib glfw3.lib kernel32.lib user32.lib gdi32.lib winspool.lib comdlg32.lib advapi32.lib shell32.lib ole32.lib oleaut32.lib uuid.lib odbc32.lib odbccp32.lib /MANIFEST /MANIFESTUAC:"level='asInvoker' uiAccess='false'" /manifest:embed /DEBUG /PDB:"D:\VS2013workspace\LearnOpenglAllProject\LearnOpengl_Project_3D\win32.proj\Debug\LearnOpengl_Project_3D.pdb" /TLBID:1 /DYNAMICBASE /NXCOMPAT /IMPLIB:"D:\VS2013workspace\LearnOpenglAllProject\LearnOpengl_Project_3D\win32.proj\Debug\LearnOpengl_Project_3D.lib" /MACHINE:X86 Debug\glad.obj
         Debug\main.obj
         Debug\MyTexture.obj
         Debug\Shader.obj
         Debug\stb_image.obj
         Debug\VertexData.obj
         LearnOpengl_Project_3D.vcxproj -> D:\VS2013workspace\LearnOpenglAllProject\LearnOpengl_Project_3D\win32.proj\Debug\LearnOpengl_Project_3D.exe
     1>已完成生成项目“D:\VS2013workspace\LearnOpenglAllProject\LearnOpengl_Project_3D\win32.proj\LearnOpengl_Project_3D.vcxproj”(Build 个目标)的操作。

生成成功。

已用时间 00:00:00.76
