生成启动时间为 2020/8/26 18:57:19。
     1>项目“D:\VS2013workspace\LearnOpengl_LightCaster\LearnOpengl_LightCaster.vcxproj”在节点 2 上(Build 个目标)。
     1>ClCompile:
         C:\Program Files (x86)\Microsoft Visual Studio 12.0\VC\bin\CL.exe /c /ZI /nologo /W3 /WX- /sdl /Od /Oy- /D _MBCS /Gm /EHsc /RTC1 /MDd /GS /fp:precise /Zc:wchar_t /Zc:forScope /Fo"Debug\\" /Fd"Debug\vc120.pdb" /Gd /TP /analyze- /errorReport:prompt src\main.cpp
         main.cpp
     1>d:\vs2013workspace\learnopengl_lightcaster\src\mycamera.h(111): warning C4244: “-=”: 从“double”转换到“float”，可能丢失数据
     1>d:\vs2013workspace\learnopengl_lightcaster\src\main.cpp(176): warning C4244: “初始化”: 从“double”转换到“float”，可能丢失数据
     1>d:\vs2013workspace\learnopengl_lightcaster\src\main.cpp(312): warning C4244: “=”: 从“double”转换到“float”，可能丢失数据
     1>d:\vs2013workspace\learnopengl_lightcaster\src\main.cpp(313): warning C4244: “=”: 从“double”转换到“float”，可能丢失数据
     1>d:\vs2013workspace\learnopengl_lightcaster\src\main.cpp(317): warning C4244: “初始化”: 从“double”转换到“float”，可能丢失数据
     1>d:\vs2013workspace\learnopengl_lightcaster\src\main.cpp(318): warning C4244: “初始化”: 从“double”转换到“float”，可能丢失数据
     1>d:\vs2013workspace\learnopengl_lightcaster\src\main.cpp(320): warning C4244: “=”: 从“double”转换到“float”，可能丢失数据
     1>d:\vs2013workspace\learnopengl_lightcaster\src\main.cpp(321): warning C4244: “=”: 从“double”转换到“float”，可能丢失数据
       Link:
         C:\Program Files (x86)\Microsoft Visual Studio 12.0\VC\bin\link.exe /ERRORREPORT:PROMPT /OUT:"D:\VS2013workspace\LearnOpengl_LightCaster\Debug\LearnOpengl_LightCaster.exe" /INCREMENTAL /NOLOGO opengl32.lib glfw3.lib kernel32.lib user32.lib gdi32.lib winspool.lib comdlg32.lib advapi32.lib shell32.lib ole32.lib oleaut32.lib uuid.lib odbc32.lib odbccp32.lib /MANIFEST /MANIFESTUAC:"level='asInvoker' uiAccess='false'" /manifest:embed /DEBUG /PDB:"D:\VS2013workspace\LearnOpengl_LightCaster\Debug\LearnOpengl_LightCaster.pdb" /TLBID:1 /DYNAMICBASE /NXCOMPAT /IMPLIB:"D:\VS2013workspace\LearnOpengl_LightCaster\Debug\LearnOpengl_LightCaster.lib" /MACHINE:X86 Debug\glad.obj
         Debug\main.obj
         Debug\Shader.obj
         Debug\stb_image.obj
         Debug\VertexData.obj
         LearnOpengl_LightCaster.vcxproj -> D:\VS2013workspace\LearnOpengl_LightCaster\Debug\LearnOpengl_LightCaster.exe
     1>已完成生成项目“D:\VS2013workspace\LearnOpengl_LightCaster\LearnOpengl_LightCaster.vcxproj”(Build 个目标)的操作。

生成成功。

已用时间 00:00:00.78
