生成启动时间为 2020/9/1 22:10:47。
     1>项目“D:\VS2013workspace\LearnOpengl_Framebuffer\win32.proj\LearnOpengl_Framebuffer.vcxproj”在节点 2 上(Build 个目标)。
     1>ClCompile:
         C:\Program Files (x86)\Microsoft Visual Studio 12.0\VC\bin\CL.exe /c /ZI /nologo /W3 /WX- /sdl /Od /Oy- /D _MBCS /Gm /EHsc /RTC1 /MDd /GS /fp:precise /Zc:wchar_t /Zc:forScope /Fo"Debug\\" /Fd"Debug\vc120.pdb" /Gd /TP /analyze- /errorReport:prompt ..\src\main.cpp
         main.cpp
     1>d:\vs2013workspace\learnopengl_framebuffer\src\mycamera.h(111): warning C4244: “-=”: 从“double”转换到“float”，可能丢失数据
     1>d:\vs2013workspace\learnopengl_framebuffer\src\main.cpp(265): warning C4244: “初始化”: 从“double”转换到“float”，可能丢失数据
     1>d:\vs2013workspace\learnopengl_framebuffer\src\main.cpp(296): warning C4244: “参数”: 从“double”转换到“float”，可能丢失数据
     1>d:\vs2013workspace\learnopengl_framebuffer\src\main.cpp(297): warning C4244: “参数”: 从“double”转换到“float”，可能丢失数据
     1>d:\vs2013workspace\learnopengl_framebuffer\src\main.cpp(338): warning C4244: “参数”: 从“double”转换到“float”，可能丢失数据
     1>d:\vs2013workspace\learnopengl_framebuffer\src\main.cpp(400): warning C4244: “=”: 从“double”转换到“float”，可能丢失数据
     1>d:\vs2013workspace\learnopengl_framebuffer\src\main.cpp(401): warning C4244: “=”: 从“double”转换到“float”，可能丢失数据
     1>d:\vs2013workspace\learnopengl_framebuffer\src\main.cpp(405): warning C4244: “初始化”: 从“double”转换到“float”，可能丢失数据
     1>d:\vs2013workspace\learnopengl_framebuffer\src\main.cpp(406): warning C4244: “初始化”: 从“double”转换到“float”，可能丢失数据
     1>d:\vs2013workspace\learnopengl_framebuffer\src\main.cpp(408): warning C4244: “=”: 从“double”转换到“float”，可能丢失数据
     1>d:\vs2013workspace\learnopengl_framebuffer\src\main.cpp(409): warning C4244: “=”: 从“double”转换到“float”，可能丢失数据
       Link:
         C:\Program Files (x86)\Microsoft Visual Studio 12.0\VC\bin\link.exe /ERRORREPORT:PROMPT /OUT:"D:\VS2013workspace\LearnOpengl_Framebuffer\win32.proj\Debug\LearnOpengl_Framebuffer.exe" /INCREMENTAL /NOLOGO opengl32.lib glfw3.lib assimpd.lib kernel32.lib user32.lib gdi32.lib winspool.lib comdlg32.lib advapi32.lib shell32.lib ole32.lib oleaut32.lib uuid.lib odbc32.lib odbccp32.lib /MANIFEST /MANIFESTUAC:"level='asInvoker' uiAccess='false'" /manifest:embed /DEBUG /PDB:"D:\VS2013workspace\LearnOpengl_Framebuffer\win32.proj\Debug\LearnOpengl_Framebuffer.pdb" /TLBID:1 /DYNAMICBASE /NXCOMPAT /IMPLIB:"D:\VS2013workspace\LearnOpengl_Framebuffer\win32.proj\Debug\LearnOpengl_Framebuffer.lib" /MACHINE:X86 Debug\glad.obj
         Debug\main.obj
         Debug\Mesh.obj
         Debug\Shader.obj
         Debug\stb_image.obj
         LearnOpengl_Framebuffer.vcxproj -> D:\VS2013workspace\LearnOpengl_Framebuffer\win32.proj\Debug\LearnOpengl_Framebuffer.exe
     1>已完成生成项目“D:\VS2013workspace\LearnOpengl_Framebuffer\win32.proj\LearnOpengl_Framebuffer.vcxproj”(Build 个目标)的操作。

生成成功。

已用时间 00:00:01.41
