生成启动时间为 2020/9/12 12:33:02。
     1>项目“D:\VS2013workspace\LearnOpenglAllProject\LearnOpengl_MultipleLight\win32.proj\LearnOpengl_MultipleLight.vcxproj”在节点 2 上(Build 个目标)。
     1>ClCompile:
         C:\Program Files (x86)\Microsoft Visual Studio 12.0\VC\bin\CL.exe /c /ZI /nologo /W3 /WX- /sdl /Od /Oy- /D _MBCS /Gm /EHsc /RTC1 /MDd /GS /fp:precise /Zc:wchar_t /Zc:forScope /Fo"Debug\\" /Fd"Debug\vc120.pdb" /Gd /TC /analyze- /errorReport:prompt ..\src\glad.c
         glad.c
         C:\Program Files (x86)\Microsoft Visual Studio 12.0\VC\bin\CL.exe /c /ZI /nologo /W3 /WX- /sdl /Od /Oy- /D _MBCS /Gm /EHsc /RTC1 /MDd /GS /fp:precise /Zc:wchar_t /Zc:forScope /Fo"Debug\\" /Fd"Debug\vc120.pdb" /Gd /TP /analyze- /errorReport:prompt ..\src\main.cpp ..\src\Shader.cpp ..\src\stb_image.cpp ..\src\VertexData.cpp
         VertexData.cpp
         stb_image.cpp
         Shader.cpp
         main.cpp
     1>d:\vs2013workspace\learnopenglallproject\learnopengl_multiplelight\src\mycamera.h(111): warning C4244: “-=”: 从“double”转换到“float”，可能丢失数据
     1>d:\vs2013workspace\learnopenglallproject\learnopengl_multiplelight\src\main.cpp(186): warning C4244: “初始化”: 从“double”转换到“float”，可能丢失数据
     1>d:\vs2013workspace\learnopenglallproject\learnopengl_multiplelight\src\main.cpp(372): warning C4244: “=”: 从“double”转换到“float”，可能丢失数据
     1>d:\vs2013workspace\learnopenglallproject\learnopengl_multiplelight\src\main.cpp(373): warning C4244: “=”: 从“double”转换到“float”，可能丢失数据
     1>d:\vs2013workspace\learnopenglallproject\learnopengl_multiplelight\src\main.cpp(377): warning C4244: “初始化”: 从“double”转换到“float”，可能丢失数据
     1>d:\vs2013workspace\learnopenglallproject\learnopengl_multiplelight\src\main.cpp(378): warning C4244: “初始化”: 从“double”转换到“float”，可能丢失数据
     1>d:\vs2013workspace\learnopenglallproject\learnopengl_multiplelight\src\main.cpp(380): warning C4244: “=”: 从“double”转换到“float”，可能丢失数据
     1>d:\vs2013workspace\learnopenglallproject\learnopengl_multiplelight\src\main.cpp(381): warning C4244: “=”: 从“double”转换到“float”，可能丢失数据
         正在生成代码...
       Link:
         C:\Program Files (x86)\Microsoft Visual Studio 12.0\VC\bin\link.exe /ERRORREPORT:PROMPT /OUT:"D:\VS2013workspace\LearnOpenglAllProject\LearnOpengl_MultipleLight\win32.proj\Debug\LearnOpengl_MultipleLight.exe" /INCREMENTAL /NOLOGO opengl32.lib glfw3.lib kernel32.lib user32.lib gdi32.lib winspool.lib comdlg32.lib advapi32.lib shell32.lib ole32.lib oleaut32.lib uuid.lib odbc32.lib odbccp32.lib /MANIFEST /MANIFESTUAC:"level='asInvoker' uiAccess='false'" /manifest:embed /DEBUG /PDB:"D:\VS2013workspace\LearnOpenglAllProject\LearnOpengl_MultipleLight\win32.proj\Debug\LearnOpengl_MultipleLight.pdb" /TLBID:1 /DYNAMICBASE /NXCOMPAT /IMPLIB:"D:\VS2013workspace\LearnOpenglAllProject\LearnOpengl_MultipleLight\win32.proj\Debug\LearnOpengl_MultipleLight.lib" /MACHINE:X86 Debug\glad.obj
         Debug\main.obj
         Debug\Shader.obj
         Debug\stb_image.obj
         Debug\VertexData.obj
     1>LINK : warning LNK4098: 默认库“MSVCRT”与其他库的使用冲突；请使用 /NODEFAULTLIB:library
         LearnOpengl_MultipleLight.vcxproj -> D:\VS2013workspace\LearnOpenglAllProject\LearnOpengl_MultipleLight\win32.proj\Debug\LearnOpengl_MultipleLight.exe
     1>已完成生成项目“D:\VS2013workspace\LearnOpenglAllProject\LearnOpengl_MultipleLight\win32.proj\LearnOpengl_MultipleLight.vcxproj”(Build 个目标)的操作。

生成成功。

已用时间 00:00:01.99
